<?xml version="1.0" encoding="UTF-8"?>
<robot generator="Robot 3.1.2 (Python 3.8.1 on win32)" generated="20200302 21:23:52.565" rpa="false">
<suite id="s1" name="Tests" source="C:\Users\maerj\PycharmProjects\AutoLabb3\tests">
<suite id="s1-s1" name="Labb3" source="C:\Users\maerj\PycharmProjects\AutoLabb3\tests\labb3.robot">
<test id="s1-s1-t1" name="User can access Infotiv Car Rental Service">
<kw name="Begin Web Test" library="keywords" type="setup">
<kw name="Open Browser" library="SeleniumLibrary">
<doc>Opens a new browser instance to the optional ``url``.</doc>
<arguments>
<arg>about:blank</arg>
<arg>${BROWSER}</arg>
</arguments>
<msg timestamp="20200302 21:23:52.822" level="INFO">Opening browser 'chrome' to base url 'about:blank'.</msg>
<status status="PASS" starttime="20200302 21:23:52.822" endtime="20200302 21:23:58.036"></status>
</kw>
<kw name="Maximize Browser Window" library="SeleniumLibrary">
<doc>Maximizes current browser window.</doc>
<status status="PASS" starttime="20200302 21:23:58.036" endtime="20200302 21:24:02.177"></status>
</kw>
<status status="PASS" starttime="20200302 21:23:52.822" endtime="20200302 21:24:02.177"></status>
</kw>
<kw name="Go to Web Page" library="keywords">
<kw name="Load Page" library="keywords">
<kw name="Go To" library="SeleniumLibrary">
<doc>Navigates the current browser window to the provided ``url``.</doc>
<arguments>
<arg>${URL}</arg>
</arguments>
<msg timestamp="20200302 21:24:02.180" level="INFO">Opening url 'http://rental21.infotiv.net/'</msg>
<status status="PASS" starttime="20200302 21:24:02.180" endtime="20200302 21:24:02.494"></status>
</kw>
<status status="PASS" starttime="20200302 21:24:02.179" endtime="20200302 21:24:02.494"></status>
</kw>
<kw name="Verify Page Loaded" library="keywords">
<kw name="Get Text" library="SeleniumLibrary">
<doc>Returns the text value of the element identified by ``locator``.</doc>
<arguments>
<arg>id:title</arg>
</arguments>
<assign>
<var>${link_text}</var>
</assign>
<msg timestamp="20200302 21:24:02.556" level="INFO">${link_text} = Infotiv Car Rental</msg>
<status status="PASS" starttime="20200302 21:24:02.495" endtime="20200302 21:24:02.556"></status>
</kw>
<kw name="Should Be Equal" library="BuiltIn">
<doc>Fails if the given objects are unequal.</doc>
<arguments>
<arg>${link_text}</arg>
<arg>Infotiv Car Rental</arg>
</arguments>
<status status="PASS" starttime="20200302 21:24:02.556" endtime="20200302 21:24:02.556"></status>
</kw>
<status status="PASS" starttime="20200302 21:24:02.494" endtime="20200302 21:24:02.556"></status>
</kw>
<status status="PASS" starttime="20200302 21:24:02.179" endtime="20200302 21:24:02.556"></status>
</kw>
<kw name="End Web Test" library="keywords" type="teardown">
<kw name="Close Browser" library="SeleniumLibrary">
<doc>Closes the current browser.</doc>
<status status="PASS" starttime="20200302 21:24:02.559" endtime="20200302 21:24:04.928"></status>
</kw>
<status status="PASS" starttime="20200302 21:24:02.559" endtime="20200302 21:24:04.928"></status>
</kw>
<doc>Verfiera att sidan laddas</doc>
<tags>
<tag>Test ladda in sida</tag>
</tags>
<status status="PASS" starttime="20200302 21:23:52.821" endtime="20200302 21:24:04.928" critical="yes"></status>
</test>
<test id="s1-s1-t2" name="User test negativ">
<kw name="Begin Web Test" library="keywords" type="setup">
<kw name="Open Browser" library="SeleniumLibrary">
<doc>Opens a new browser instance to the optional ``url``.</doc>
<arguments>
<arg>about:blank</arg>
<arg>${BROWSER}</arg>
</arguments>
<msg timestamp="20200302 21:24:04.930" level="INFO">Opening browser 'chrome' to base url 'about:blank'.</msg>
<status status="PASS" starttime="20200302 21:24:04.930" endtime="20200302 21:24:10.409"></status>
</kw>
<kw name="Maximize Browser Window" library="SeleniumLibrary">
<doc>Maximizes current browser window.</doc>
<status status="PASS" starttime="20200302 21:24:10.410" endtime="20200302 21:24:14.529"></status>
</kw>
<status status="PASS" starttime="20200302 21:24:04.930" endtime="20200302 21:24:14.529"></status>
</kw>
<kw name="Go to Web Page" library="keywords">
<kw name="Load Page" library="keywords">
<kw name="Go To" library="SeleniumLibrary">
<doc>Navigates the current browser window to the provided ``url``.</doc>
<arguments>
<arg>${URL}</arg>
</arguments>
<msg timestamp="20200302 21:24:14.530" level="INFO">Opening url 'http://rental21.infotiv.net/'</msg>
<status status="PASS" starttime="20200302 21:24:14.530" endtime="20200302 21:24:14.794"></status>
</kw>
<status status="PASS" starttime="20200302 21:24:14.530" endtime="20200302 21:24:14.794"></status>
</kw>
<kw name="Verify Page Loaded" library="keywords">
<kw name="Get Text" library="SeleniumLibrary">
<doc>Returns the text value of the element identified by ``locator``.</doc>
<arguments>
<arg>id:title</arg>
</arguments>
<assign>
<var>${link_text}</var>
</assign>
<msg timestamp="20200302 21:24:14.849" level="INFO">${link_text} = Infotiv Car Rental</msg>
<status status="PASS" starttime="20200302 21:24:14.795" endtime="20200302 21:24:14.849"></status>
</kw>
<kw name="Should Be Equal" library="BuiltIn">
<doc>Fails if the given objects are unequal.</doc>
<arguments>
<arg>${link_text}</arg>
<arg>Infotiv Car Rental</arg>
</arguments>
<status status="PASS" starttime="20200302 21:24:14.849" endtime="20200302 21:24:14.850"></status>
</kw>
<status status="PASS" starttime="20200302 21:24:14.795" endtime="20200302 21:24:14.850"></status>
</kw>
<status status="PASS" starttime="20200302 21:24:14.530" endtime="20200302 21:24:14.850"></status>
</kw>
<kw name="Login User No Password" library="keywords">
<kw name="Sleep" library="BuiltIn">
<doc>Pauses the test executed for the given time.</doc>
<arguments>
<arg>3s</arg>
</arguments>
<msg timestamp="20200302 21:24:17.856" level="INFO">Slept 3 seconds</msg>
<status status="PASS" starttime="20200302 21:24:14.855" endtime="20200302 21:24:17.856"></status>
</kw>
<kw name="Click Button" library="SeleniumLibrary">
<doc>Clicks the button identified by ``locator``.</doc>
<arguments>
<arg>xpath://button[@id="login"]</arg>
</arguments>
<msg timestamp="20200302 21:24:17.856" level="INFO">Clicking button 'xpath://button[@id="login"]'.</msg>
<status status="PASS" starttime="20200302 21:24:17.856" endtime="20200302 21:24:17.921"></status>
</kw>
<kw name="Input Text" library="SeleniumLibrary">
<doc>Types the given ``text`` into the text field identified by ``locator``.</doc>
<arguments>
<arg>id:email</arg>
<arg>555@telia.com</arg>
</arguments>
<msg timestamp="20200302 21:24:17.921" level="INFO">Typing text '555@telia.com' into text field 'id:email'.</msg>
<status status="PASS" starttime="20200302 21:24:17.921" endtime="20200302 21:24:18.032"></status>
</kw>
<kw name="Click Button" library="SeleniumLibrary">
<doc>Clicks the button identified by ``locator``.</doc>
<arguments>
<arg>xpath://button[@id="login"]</arg>
</arguments>
<msg timestamp="20200302 21:24:18.032" level="INFO">Clicking button 'xpath://button[@id="login"]'.</msg>
<status status="PASS" starttime="20200302 21:24:18.032" endtime="20200302 21:24:18.094"></status>
</kw>
<kw name="Should Be Equal" library="BuiltIn">
<doc>Fails if the given objects are unequal.</doc>
<arguments>
<arg>${elem}</arg>
</arguments>
<msg timestamp="20200302 21:24:18.094" level="FAIL">Keyword 'BuiltIn.Should Be Equal' expected 2 to 6 arguments, got 1.</msg>
<status status="FAIL" starttime="20200302 21:24:18.094" endtime="20200302 21:24:18.094"></status>
</kw>
<status status="FAIL" starttime="20200302 21:24:14.854" endtime="20200302 21:24:18.094"></status>
</kw>
<kw name="End Web Test" library="keywords" type="teardown">
<kw name="Close Browser" library="SeleniumLibrary">
<doc>Closes the current browser.</doc>
<status status="PASS" starttime="20200302 21:24:18.096" endtime="20200302 21:24:20.335"></status>
</kw>
<status status="PASS" starttime="20200302 21:24:18.095" endtime="20200302 21:24:20.335"></status>
</kw>
<doc>Skriva in negativ tom textbox, Ska ej logga in EXPECT FAIL</doc>
<tags>
<tag>Textbox tom</tag>
</tags>
<status status="FAIL" starttime="20200302 21:24:04.929" endtime="20200302 21:24:20.335" critical="yes">Keyword 'BuiltIn.Should Be Equal' expected 2 to 6 arguments, got 1.</status>
</test>
<test id="s1-s1-t3" name="Select date">
<kw name="Begin Web Test" library="keywords" type="setup">
<kw name="Open Browser" library="SeleniumLibrary">
<doc>Opens a new browser instance to the optional ``url``.</doc>
<arguments>
<arg>about:blank</arg>
<arg>${BROWSER}</arg>
</arguments>
<msg timestamp="20200302 21:24:20.338" level="INFO">Opening browser 'chrome' to base url 'about:blank'.</msg>
<status status="PASS" starttime="20200302 21:24:20.337" endtime="20200302 21:24:25.508"></status>
</kw>
<kw name="Maximize Browser Window" library="SeleniumLibrary">
<doc>Maximizes current browser window.</doc>
<status status="PASS" starttime="20200302 21:24:25.508" endtime="20200302 21:24:29.629"></status>
</kw>
<status status="PASS" starttime="20200302 21:24:20.337" endtime="20200302 21:24:29.629"></status>
</kw>
<kw name="Go to Web Page" library="keywords">
<kw name="Load Page" library="keywords">
<kw name="Go To" library="SeleniumLibrary">
<doc>Navigates the current browser window to the provided ``url``.</doc>
<arguments>
<arg>${URL}</arg>
</arguments>
<msg timestamp="20200302 21:24:29.630" level="INFO">Opening url 'http://rental21.infotiv.net/'</msg>
<status status="PASS" starttime="20200302 21:24:29.630" endtime="20200302 21:24:29.902"></status>
</kw>
<status status="PASS" starttime="20200302 21:24:29.630" endtime="20200302 21:24:29.902"></status>
</kw>
<kw name="Verify Page Loaded" library="keywords">
<kw name="Get Text" library="SeleniumLibrary">
<doc>Returns the text value of the element identified by ``locator``.</doc>
<arguments>
<arg>id:title</arg>
</arguments>
<assign>
<var>${link_text}</var>
</assign>
<msg timestamp="20200302 21:24:29.956" level="INFO">${link_text} = Infotiv Car Rental</msg>
<status status="PASS" starttime="20200302 21:24:29.903" endtime="20200302 21:24:29.956"></status>
</kw>
<kw name="Should Be Equal" library="BuiltIn">
<doc>Fails if the given objects are unequal.</doc>
<arguments>
<arg>${link_text}</arg>
<arg>Infotiv Car Rental</arg>
</arguments>
<status status="PASS" starttime="20200302 21:24:29.956" endtime="20200302 21:24:29.956"></status>
</kw>
<status status="PASS" starttime="20200302 21:24:29.903" endtime="20200302 21:24:29.956"></status>
</kw>
<status status="PASS" starttime="20200302 21:24:29.629" endtime="20200302 21:24:29.956"></status>
</kw>
<kw name="Get and Compare Date" library="keywords">
<kw name="Get Value" library="SeleniumLibrary">
<doc>Returns the value attribute of the element identified by ``locator``.</doc>
<arguments>
<arg>id:start</arg>
</arguments>
<assign>
<var>${collectDate}</var>
</assign>
<msg timestamp="20200302 21:24:29.975" level="INFO">${collectDate} = 2020-03-02</msg>
<status status="PASS" starttime="20200302 21:24:29.957" endtime="20200302 21:24:29.975"></status>
</kw>
<kw name="Set Suite Variable" library="BuiltIn">
<doc>Makes a variable available everywhere within the scope of the current suite.</doc>
<arguments>
<arg>${collectDate}</arg>
</arguments>
<msg timestamp="20200302 21:24:29.975" level="INFO">${collectDate} = 2020-03-02</msg>
<status status="PASS" starttime="20200302 21:24:29.975" endtime="20200302 21:24:29.976"></status>
</kw>
<kw name="Log" library="BuiltIn">
<doc>Logs the given message with the given level.</doc>
<arguments>
<arg>${collectDate}</arg>
</arguments>
<msg timestamp="20200302 21:24:29.976" level="INFO">2020-03-02</msg>
<status status="PASS" starttime="20200302 21:24:29.976" endtime="20200302 21:24:29.976"></status>
</kw>
<kw name="Get Current Date" library="DateTime">
<doc>Returns current local or UTC time with an optional increment.</doc>
<arguments>
<arg>result_format=%Y-%m-%d</arg>
</arguments>
<assign>
<var>${currentDate}</var>
</assign>
<msg timestamp="20200302 21:24:29.976" level="INFO">${currentDate} = 2020-03-02</msg>
<status status="PASS" starttime="20200302 21:24:29.976" endtime="20200302 21:24:29.976"></status>
</kw>
<kw name="Should Be Equal" library="BuiltIn">
<doc>Fails if the given objects are unequal.</doc>
<arguments>
<arg>${currentDate}</arg>
<arg>${collectDate}</arg>
</arguments>
<status status="PASS" starttime="20200302 21:24:29.976" endtime="20200302 21:24:29.976"></status>
</kw>
<status status="PASS" starttime="20200302 21:24:29.957" endtime="20200302 21:24:29.977"></status>
</kw>
<kw name="Add and Convert Date" library="keywords">
<arguments>
<arg>10</arg>
</arguments>
<kw name="Add Time To Date" library="DateTime">
<doc>Adds time to date and returns the resulting date.</doc>
<arguments>
<arg>${collectDate}</arg>
<arg>${NumberOfDays} days</arg>
</arguments>
<assign>
<var>${date}</var>
</assign>
<msg timestamp="20200302 21:24:29.983" level="INFO">${date} = 2020-03-12 00:00:00.000</msg>
<status status="PASS" starttime="20200302 21:24:29.979" endtime="20200302 21:24:29.983"></status>
</kw>
<kw name="Log" library="BuiltIn">
<doc>Logs the given message with the given level.</doc>
<arguments>
<arg>${date}</arg>
</arguments>
<msg timestamp="20200302 21:24:29.983" level="INFO">2020-03-12 00:00:00.000</msg>
<status status="PASS" starttime="20200302 21:24:29.983" endtime="20200302 21:24:29.983"></status>
</kw>
<kw name="Convert Date" library="DateTime">
<doc>Converts between supported `date formats`.</doc>
<arguments>
<arg>${date}</arg>
<arg>result_format=%m%d</arg>
</arguments>
<assign>
<var>${newDate}</var>
</assign>
<msg timestamp="20200302 21:24:29.984" level="INFO">${newDate} = 0312</msg>
<status status="PASS" starttime="20200302 21:24:29.983" endtime="20200302 21:24:29.984"></status>
</kw>
<kw name="Set Suite Variable" library="BuiltIn">
<doc>Makes a variable available everywhere within the scope of the current suite.</doc>
<arguments>
<arg>${newDate}</arg>
</arguments>
<msg timestamp="20200302 21:24:29.984" level="INFO">${newDate} = 0312</msg>
<status status="PASS" starttime="20200302 21:24:29.984" endtime="20200302 21:24:29.984"></status>
</kw>
<kw name="Log" library="BuiltIn">
<doc>Logs the given message with the given level.</doc>
<arguments>
<arg>${newDate}</arg>
</arguments>
<msg timestamp="20200302 21:24:29.985" level="INFO">0312</msg>
<status status="PASS" starttime="20200302 21:24:29.984" endtime="20200302 21:24:29.985"></status>
</kw>
<status status="PASS" starttime="20200302 21:24:29.978" endtime="20200302 21:24:29.985"></status>
</kw>
<kw name="Log" library="BuiltIn">
<doc>Logs the given message with the given level.</doc>
<arguments>
<arg>${newDate}</arg>
</arguments>
<msg timestamp="20200302 21:24:29.985" level="INFO">0312</msg>
<status status="PASS" starttime="20200302 21:24:29.985" endtime="20200302 21:24:29.985"></status>
</kw>
<kw name="Input Text" library="SeleniumLibrary">
<doc>Types the given ``text`` into the text field identified by ``locator``.</doc>
<arguments>
<arg>name:start</arg>
<arg>${newDate}</arg>
</arguments>
<msg timestamp="20200302 21:24:29.986" level="INFO">Typing text '0312' into text field 'name:start'.</msg>
<status status="PASS" starttime="20200302 21:24:29.985" endtime="20200302 21:24:30.068"></status>
</kw>
<kw name="Add and Convert Date" library="keywords">
<arguments>
<arg>20</arg>
</arguments>
<kw name="Add Time To Date" library="DateTime">
<doc>Adds time to date and returns the resulting date.</doc>
<arguments>
<arg>${collectDate}</arg>
<arg>${NumberOfDays} days</arg>
</arguments>
<assign>
<var>${date}</var>
</assign>
<msg timestamp="20200302 21:24:30.071" level="INFO">${date} = 2020-03-22 00:00:00.000</msg>
<status status="PASS" starttime="20200302 21:24:30.071" endtime="20200302 21:24:30.071"></status>
</kw>
<kw name="Log" library="BuiltIn">
<doc>Logs the given message with the given level.</doc>
<arguments>
<arg>${date}</arg>
</arguments>
<msg timestamp="20200302 21:24:30.071" level="INFO">2020-03-22 00:00:00.000</msg>
<status status="PASS" starttime="20200302 21:24:30.071" endtime="20200302 21:24:30.071"></status>
</kw>
<kw name="Convert Date" library="DateTime">
<doc>Converts between supported `date formats`.</doc>
<arguments>
<arg>${date}</arg>
<arg>result_format=%m%d</arg>
</arguments>
<assign>
<var>${newDate}</var>
</assign>
<msg timestamp="20200302 21:24:30.072" level="INFO">${newDate} = 0322</msg>
<status status="PASS" starttime="20200302 21:24:30.072" endtime="20200302 21:24:30.072"></status>
</kw>
<kw name="Set Suite Variable" library="BuiltIn">
<doc>Makes a variable available everywhere within the scope of the current suite.</doc>
<arguments>
<arg>${newDate}</arg>
</arguments>
<msg timestamp="20200302 21:24:30.072" level="INFO">${newDate} = 0322</msg>
<status status="PASS" starttime="20200302 21:24:30.072" endtime="20200302 21:24:30.072"></status>
</kw>
<kw name="Log" library="BuiltIn">
<doc>Logs the given message with the given level.</doc>
<arguments>
<arg>${newDate}</arg>
</arguments>
<msg timestamp="20200302 21:24:30.073" level="INFO">0322</msg>
<status status="PASS" starttime="20200302 21:24:30.072" endtime="20200302 21:24:30.073"></status>
</kw>
<status status="PASS" starttime="20200302 21:24:30.070" endtime="20200302 21:24:30.073"></status>
</kw>
<kw name="Input Text" library="SeleniumLibrary">
<doc>Types the given ``text`` into the text field identified by ``locator``.</doc>
<arguments>
<arg>name:end</arg>
<arg>${newDate}</arg>
</arguments>
<msg timestamp="20200302 21:24:30.073" level="INFO">Typing text '0322' into text field 'name:end'.</msg>
<status status="PASS" starttime="20200302 21:24:30.073" endtime="20200302 21:24:30.133"></status>
</kw>
<kw name="Click Button" library="SeleniumLibrary">
<doc>Clicks the button identified by ``locator``.</doc>
<arguments>
<arg>id:reset</arg>
</arguments>
<msg timestamp="20200302 21:24:30.133" level="INFO">Clicking button 'id:reset'.</msg>
<status status="PASS" starttime="20200302 21:24:30.133" endtime="20200302 21:24:30.366"></status>
</kw>
<kw name="End Web Test" library="keywords" type="teardown">
<kw name="Close Browser" library="SeleniumLibrary">
<doc>Closes the current browser.</doc>
<status status="PASS" starttime="20200302 21:24:30.367" endtime="20200302 21:24:32.576"></status>
</kw>
<status status="PASS" starttime="20200302 21:24:30.367" endtime="20200302 21:24:32.576"></status>
</kw>
<doc>Väljer startdatum och slutdatum</doc>
<tags>
<tag>DateSelector</tag>
</tags>
<status status="PASS" starttime="20200302 21:24:20.337" endtime="20200302 21:24:32.576" critical="yes"></status>
</test>
<test id="s1-s1-t4" name="Book A Car">
<kw name="Begin Web Test" library="keywords" type="setup">
<kw name="Open Browser" library="SeleniumLibrary">
<doc>Opens a new browser instance to the optional ``url``.</doc>
<arguments>
<arg>about:blank</arg>
<arg>${BROWSER}</arg>
</arguments>
<msg timestamp="20200302 21:24:32.579" level="INFO">Opening browser 'chrome' to base url 'about:blank'.</msg>
<status status="PASS" starttime="20200302 21:24:32.579" endtime="20200302 21:24:37.732"></status>
</kw>
<kw name="Maximize Browser Window" library="SeleniumLibrary">
<doc>Maximizes current browser window.</doc>
<status status="PASS" starttime="20200302 21:24:37.733" endtime="20200302 21:24:41.854"></status>
</kw>
<status status="PASS" starttime="20200302 21:24:32.578" endtime="20200302 21:24:41.854"></status>
</kw>
<kw name="Go to Web Page" library="keywords">
<kw name="Load Page" library="keywords">
<kw name="Go To" library="SeleniumLibrary">
<doc>Navigates the current browser window to the provided ``url``.</doc>
<arguments>
<arg>${URL}</arg>
</arguments>
<msg timestamp="20200302 21:24:41.855" level="INFO">Opening url 'http://rental21.infotiv.net/'</msg>
<status status="PASS" starttime="20200302 21:24:41.855" endtime="20200302 21:24:42.141"></status>
</kw>
<status status="PASS" starttime="20200302 21:24:41.855" endtime="20200302 21:24:42.141"></status>
</kw>
<kw name="Verify Page Loaded" library="keywords">
<kw name="Get Text" library="SeleniumLibrary">
<doc>Returns the text value of the element identified by ``locator``.</doc>
<arguments>
<arg>id:title</arg>
</arguments>
<assign>
<var>${link_text}</var>
</assign>
<msg timestamp="20200302 21:24:42.188" level="INFO">${link_text} = Infotiv Car Rental</msg>
<status status="PASS" starttime="20200302 21:24:42.142" endtime="20200302 21:24:42.188"></status>
</kw>
<kw name="Should Be Equal" library="BuiltIn">
<doc>Fails if the given objects are unequal.</doc>
<arguments>
<arg>${link_text}</arg>
<arg>Infotiv Car Rental</arg>
</arguments>
<status status="PASS" starttime="20200302 21:24:42.188" endtime="20200302 21:24:42.189"></status>
</kw>
<status status="PASS" starttime="20200302 21:24:42.142" endtime="20200302 21:24:42.189"></status>
</kw>
<status status="PASS" starttime="20200302 21:24:41.854" endtime="20200302 21:24:42.189"></status>
</kw>
<kw name="Login User" library="keywords">
<kw name="Input Text" library="SeleniumLibrary">
<doc>Types the given ``text`` into the text field identified by ``locator``.</doc>
<arguments>
<arg>name:email</arg>
<arg>${epost}</arg>
</arguments>
<msg timestamp="20200302 21:24:42.189" level="INFO">Typing text '555@telia.com' into text field 'name:email'.</msg>
<status status="PASS" starttime="20200302 21:24:42.189" endtime="20200302 21:24:42.287"></status>
</kw>
<kw name="Input Text" library="SeleniumLibrary">
<doc>Types the given ``text`` into the text field identified by ``locator``.</doc>
<arguments>
<arg>Id:password</arg>
<arg>${password}</arg>
</arguments>
<msg timestamp="20200302 21:24:42.288" level="INFO">Typing text 'Aa1234' into text field 'Id:password'.</msg>
<status status="PASS" starttime="20200302 21:24:42.288" endtime="20200302 21:24:42.372"></status>
</kw>
<kw name="Click Login" library="keywords">
<kw name="Click Button" library="SeleniumLibrary">
<doc>Clicks the button identified by ``locator``.</doc>
<arguments>
<arg>id:login</arg>
</arguments>
<msg timestamp="20200302 21:24:42.373" level="INFO">Clicking button 'id:login'.</msg>
<status status="PASS" starttime="20200302 21:24:42.372" endtime="20200302 21:24:42.915"></status>
</kw>
<status status="PASS" starttime="20200302 21:24:42.372" endtime="20200302 21:24:42.915"></status>
</kw>
<status status="PASS" starttime="20200302 21:24:42.189" endtime="20200302 21:24:42.915"></status>
</kw>
<kw name="Choose Car" library="keywords">
<kw name="Click Button" library="SeleniumLibrary">
<doc>Clicks the button identified by ``locator``.</doc>
<arguments>
<arg>xpath://button[@id="continue"]</arg>
</arguments>
<msg timestamp="20200302 21:24:42.917" level="INFO">Clicking button 'xpath://button[@id="continue"]'.</msg>
<status status="PASS" starttime="20200302 21:24:42.917" endtime="20200302 21:24:43.507"></status>
</kw>
<kw name="Click Button" library="SeleniumLibrary">
<doc>Clicks the button identified by ``locator``.</doc>
<arguments>
<arg>id:bookQ7pass7</arg>
</arguments>
<msg timestamp="20200302 21:24:43.507" level="INFO">Clicking button 'id:bookQ7pass7'.</msg>
<status status="PASS" starttime="20200302 21:24:43.507" endtime="20200302 21:24:43.930"></status>
</kw>
<status status="PASS" starttime="20200302 21:24:42.916" endtime="20200302 21:24:43.930"></status>
</kw>
<kw name="User Input" library="keywords">
<kw name="Input Text" library="SeleniumLibrary">
<doc>Types the given ``text`` into the text field identified by ``locator``.</doc>
<arguments>
<arg>id:cardNum</arg>
<arg>${kreditkort}</arg>
</arguments>
<msg timestamp="20200302 21:24:43.932" level="INFO">Typing text '1234567891011121' into text field 'id:cardNum'.</msg>
<status status="PASS" starttime="20200302 21:24:43.932" endtime="20200302 21:24:44.037"></status>
</kw>
<kw name="Input Text" library="SeleniumLibrary">
<doc>Types the given ``text`` into the text field identified by ``locator``.</doc>
<arguments>
<arg>id:fullName</arg>
<arg>${namn}</arg>
</arguments>
<msg timestamp="20200302 21:24:44.038" level="INFO">Typing text 'Anders Andersson' into text field 'id:fullName'.</msg>
<status status="PASS" starttime="20200302 21:24:44.037" endtime="20200302 21:24:44.132"></status>
</kw>
<kw name="Input Text" library="SeleniumLibrary">
<doc>Types the given ``text`` into the text field identified by ``locator``.</doc>
<arguments>
<arg>id:cvc</arg>
<arg>${cvc}</arg>
</arguments>
<msg timestamp="20200302 21:24:44.133" level="INFO">Typing text '187' into text field 'id:cvc'.</msg>
<status status="PASS" starttime="20200302 21:24:44.133" endtime="20200302 21:24:44.193"></status>
</kw>
<kw name="Click Button" library="SeleniumLibrary">
<doc>Clicks the button identified by ``locator``.</doc>
<arguments>
<arg>id:confirm</arg>
</arguments>
<msg timestamp="20200302 21:24:44.194" level="INFO">Clicking button 'id:confirm'.</msg>
<status status="PASS" starttime="20200302 21:24:44.193" endtime="20200302 21:24:44.493"></status>
</kw>
<status status="PASS" starttime="20200302 21:24:43.931" endtime="20200302 21:24:44.493"></status>
</kw>
<kw name="Cancel Reservation" library="keywords">
<kw name="Click Button" library="SeleniumLibrary">
<doc>Clicks the button identified by ``locator``.</doc>
<arguments>
<arg>id:mypage</arg>
</arguments>
<msg timestamp="20200302 21:24:44.494" level="INFO">Clicking button 'id:mypage'.</msg>
<status status="PASS" starttime="20200302 21:24:44.494" endtime="20200302 21:24:44.775"></status>
</kw>
<kw name="Click Button" library="SeleniumLibrary">
<doc>Clicks the button identified by ``locator``.</doc>
<arguments>
<arg>id:unBook1</arg>
</arguments>
<msg timestamp="20200302 21:24:44.775" level="INFO">Clicking button 'id:unBook1'.</msg>
<status status="PASS" starttime="20200302 21:24:44.775" endtime="20200302 21:24:44.844"></status>
</kw>
<kw name="Alert Should Be Present" library="SeleniumLibrary">
<doc>Verifies that an alert is present and by default, accepts it.</doc>
<status status="PASS" starttime="20200302 21:24:44.844" endtime="20200302 21:24:44.849"></status>
</kw>
<status status="PASS" starttime="20200302 21:24:44.493" endtime="20200302 21:24:44.849"></status>
</kw>
<kw name="End Web Test" library="keywords" type="teardown">
<kw name="Close Browser" library="SeleniumLibrary">
<doc>Closes the current browser.</doc>
<status status="PASS" starttime="20200302 21:24:44.854" endtime="20200302 21:24:47.092"></status>
</kw>
<status status="PASS" starttime="20200302 21:24:44.854" endtime="20200302 21:24:47.092"></status>
</kw>
<tags>
<tag>bokabil</tag>
</tags>
<status status="PASS" starttime="20200302 21:24:32.578" endtime="20200302 21:24:47.092" critical="yes"></status>
</test>
<test id="s1-s1-t5" name="Gherkin-style">
<kw name="Begin Web Test" library="keywords" type="setup">
<kw name="Open Browser" library="SeleniumLibrary">
<doc>Opens a new browser instance to the optional ``url``.</doc>
<arguments>
<arg>about:blank</arg>
<arg>${BROWSER}</arg>
</arguments>
<msg timestamp="20200302 21:24:47.094" level="INFO">Opening browser 'chrome' to base url 'about:blank'.</msg>
<status status="PASS" starttime="20200302 21:24:47.094" endtime="20200302 21:24:52.306"></status>
</kw>
<kw name="Maximize Browser Window" library="SeleniumLibrary">
<doc>Maximizes current browser window.</doc>
<status status="PASS" starttime="20200302 21:24:52.306" endtime="20200302 21:24:56.425"></status>
</kw>
<status status="PASS" starttime="20200302 21:24:47.094" endtime="20200302 21:24:56.425"></status>
</kw>
<kw name="Given Page is loaded" library="keywords">
<kw name="Load Page" library="keywords">
<kw name="Go To" library="SeleniumLibrary">
<doc>Navigates the current browser window to the provided ``url``.</doc>
<arguments>
<arg>${URL}</arg>
</arguments>
<msg timestamp="20200302 21:24:56.426" level="INFO">Opening url 'http://rental21.infotiv.net/'</msg>
<status status="PASS" starttime="20200302 21:24:56.426" endtime="20200302 21:24:56.698"></status>
</kw>
<status status="PASS" starttime="20200302 21:24:56.426" endtime="20200302 21:24:56.698"></status>
</kw>
<kw name="Verify Page Loaded" library="keywords">
<kw name="Get Text" library="SeleniumLibrary">
<doc>Returns the text value of the element identified by ``locator``.</doc>
<arguments>
<arg>id:title</arg>
</arguments>
<assign>
<var>${link_text}</var>
</assign>
<msg timestamp="20200302 21:24:56.745" level="INFO">${link_text} = Infotiv Car Rental</msg>
<status status="PASS" starttime="20200302 21:24:56.699" endtime="20200302 21:24:56.745"></status>
</kw>
<kw name="Should Be Equal" library="BuiltIn">
<doc>Fails if the given objects are unequal.</doc>
<arguments>
<arg>${link_text}</arg>
<arg>Infotiv Car Rental</arg>
</arguments>
<status status="PASS" starttime="20200302 21:24:56.745" endtime="20200302 21:24:56.745"></status>
</kw>
<status status="PASS" starttime="20200302 21:24:56.698" endtime="20200302 21:24:56.745"></status>
</kw>
<status status="PASS" starttime="20200302 21:24:56.426" endtime="20200302 21:24:56.745"></status>
</kw>
<kw name="When Continue button is pressed" library="keywords">
<kw name="Click Button" library="SeleniumLibrary">
<doc>Clicks the button identified by ``locator``.</doc>
<arguments>
<arg>id:continue</arg>
</arguments>
<msg timestamp="20200302 21:24:56.746" level="INFO">Clicking button 'id:continue'.</msg>
<status status="PASS" starttime="20200302 21:24:56.746" endtime="20200302 21:24:57.270"></status>
</kw>
<status status="PASS" starttime="20200302 21:24:56.745" endtime="20200302 21:24:57.270"></status>
</kw>
<kw name="Then Show cars" library="keywords">
<kw name="Get Text" library="SeleniumLibrary">
<doc>Returns the text value of the element identified by ``locator``.</doc>
<arguments>
<arg>id:questionText</arg>
</arguments>
<assign>
<var>${header_text}</var>
</assign>
<msg timestamp="20200302 21:24:57.292" level="INFO">${header_text} = What would you like to drive?</msg>
<status status="PASS" starttime="20200302 21:24:57.272" endtime="20200302 21:24:57.293"></status>
</kw>
<kw name="Should Be Equal" library="BuiltIn">
<doc>Fails if the given objects are unequal.</doc>
<arguments>
<arg>${header_text}</arg>
<arg>What would you like to drive?</arg>
</arguments>
<status status="PASS" starttime="20200302 21:24:57.293" endtime="20200302 21:24:57.293"></status>
</kw>
<status status="PASS" starttime="20200302 21:24:57.271" endtime="20200302 21:24:57.293"></status>
</kw>
<kw name="End Web Test" library="keywords" type="teardown">
<kw name="Close Browser" library="SeleniumLibrary">
<doc>Closes the current browser.</doc>
<status status="PASS" starttime="20200302 21:24:57.293" endtime="20200302 21:24:59.488"></status>
</kw>
<status status="PASS" starttime="20200302 21:24:57.293" endtime="20200302 21:24:59.488"></status>
</kw>
<tags>
<tag>gurkan</tag>
</tags>
<status status="PASS" starttime="20200302 21:24:47.093" endtime="20200302 21:24:59.488" critical="yes"></status>
</test>
<test id="s1-s1-t6" name="Length CreditCardNumber">
<kw name="Begin Web Test" library="keywords" type="setup">
<kw name="Open Browser" library="SeleniumLibrary">
<doc>Opens a new browser instance to the optional ``url``.</doc>
<arguments>
<arg>about:blank</arg>
<arg>${BROWSER}</arg>
</arguments>
<msg timestamp="20200302 21:24:59.490" level="INFO">Opening browser 'chrome' to base url 'about:blank'.</msg>
<status status="PASS" starttime="20200302 21:24:59.490" endtime="20200302 21:25:04.745"></status>
</kw>
<kw name="Maximize Browser Window" library="SeleniumLibrary">
<doc>Maximizes current browser window.</doc>
<status status="PASS" starttime="20200302 21:25:04.745" endtime="20200302 21:25:08.861"></status>
</kw>
<status status="PASS" starttime="20200302 21:24:59.490" endtime="20200302 21:25:08.862"></status>
</kw>
<kw name="Go to Web Page" library="keywords">
<kw name="Load Page" library="keywords">
<kw name="Go To" library="SeleniumLibrary">
<doc>Navigates the current browser window to the provided ``url``.</doc>
<arguments>
<arg>${URL}</arg>
</arguments>
<msg timestamp="20200302 21:25:08.863" level="INFO">Opening url 'http://rental21.infotiv.net/'</msg>
<status status="PASS" starttime="20200302 21:25:08.862" endtime="20200302 21:25:09.184"></status>
</kw>
<status status="PASS" starttime="20200302 21:25:08.862" endtime="20200302 21:25:09.184"></status>
</kw>
<kw name="Verify Page Loaded" library="keywords">
<kw name="Get Text" library="SeleniumLibrary">
<doc>Returns the text value of the element identified by ``locator``.</doc>
<arguments>
<arg>id:title</arg>
</arguments>
<assign>
<var>${link_text}</var>
</assign>
<msg timestamp="20200302 21:25:09.247" level="INFO">${link_text} = Infotiv Car Rental</msg>
<status status="PASS" starttime="20200302 21:25:09.185" endtime="20200302 21:25:09.247"></status>
</kw>
<kw name="Should Be Equal" library="BuiltIn">
<doc>Fails if the given objects are unequal.</doc>
<arguments>
<arg>${link_text}</arg>
<arg>Infotiv Car Rental</arg>
</arguments>
<status status="PASS" starttime="20200302 21:25:09.247" endtime="20200302 21:25:09.247"></status>
</kw>
<status status="PASS" starttime="20200302 21:25:09.185" endtime="20200302 21:25:09.247"></status>
</kw>
<status status="PASS" starttime="20200302 21:25:08.862" endtime="20200302 21:25:09.247"></status>
</kw>
<kw name="Login User" library="keywords">
<kw name="Input Text" library="SeleniumLibrary">
<doc>Types the given ``text`` into the text field identified by ``locator``.</doc>
<arguments>
<arg>name:email</arg>
<arg>${epost}</arg>
</arguments>
<msg timestamp="20200302 21:25:09.257" level="INFO">Typing text '555@telia.com' into text field 'name:email'.</msg>
<status status="PASS" starttime="20200302 21:25:09.257" endtime="20200302 21:25:09.370"></status>
</kw>
<kw name="Input Text" library="SeleniumLibrary">
<doc>Types the given ``text`` into the text field identified by ``locator``.</doc>
<arguments>
<arg>Id:password</arg>
<arg>${password}</arg>
</arguments>
<msg timestamp="20200302 21:25:09.370" level="INFO">Typing text 'Aa1234' into text field 'Id:password'.</msg>
<status status="PASS" starttime="20200302 21:25:09.370" endtime="20200302 21:25:09.444"></status>
</kw>
<kw name="Click Login" library="keywords">
<kw name="Click Button" library="SeleniumLibrary">
<doc>Clicks the button identified by ``locator``.</doc>
<arguments>
<arg>id:login</arg>
</arguments>
<msg timestamp="20200302 21:25:09.445" level="INFO">Clicking button 'id:login'.</msg>
<status status="PASS" starttime="20200302 21:25:09.444" endtime="20200302 21:25:10.012"></status>
</kw>
<status status="PASS" starttime="20200302 21:25:09.444" endtime="20200302 21:25:10.012"></status>
</kw>
<status status="PASS" starttime="20200302 21:25:09.257" endtime="20200302 21:25:10.012"></status>
</kw>
<kw name="Choose Car" library="keywords">
<kw name="Click Button" library="SeleniumLibrary">
<doc>Clicks the button identified by ``locator``.</doc>
<arguments>
<arg>xpath://button[@id="continue"]</arg>
</arguments>
<msg timestamp="20200302 21:25:10.017" level="INFO">Clicking button 'xpath://button[@id="continue"]'.</msg>
<status status="PASS" starttime="20200302 21:25:10.017" endtime="20200302 21:25:10.600"></status>
</kw>
<kw name="Click Button" library="SeleniumLibrary">
<doc>Clicks the button identified by ``locator``.</doc>
<arguments>
<arg>id:bookQ7pass7</arg>
</arguments>
<msg timestamp="20200302 21:25:10.600" level="INFO">Clicking button 'id:bookQ7pass7'.</msg>
<status status="PASS" starttime="20200302 21:25:10.600" endtime="20200302 21:25:11.030"></status>
</kw>
<status status="PASS" starttime="20200302 21:25:10.016" endtime="20200302 21:25:11.030"></status>
</kw>
<kw name="Get Length" library="BuiltIn">
<doc>Returns and logs the length of the given item as an integer.</doc>
<arguments>
<arg>${kreditkort}</arg>
</arguments>
<assign>
<var>${AntalSiffror}</var>
</assign>
<msg timestamp="20200302 21:25:11.032" level="INFO">Length is 16</msg>
<msg timestamp="20200302 21:25:11.032" level="INFO">${AntalSiffror} = 16</msg>
<status status="PASS" starttime="20200302 21:25:11.032" endtime="20200302 21:25:11.032"></status>
</kw>
<kw name="Log" library="BuiltIn">
<doc>Logs the given message with the given level.</doc>
<arguments>
<arg>${AntalSiffror}</arg>
</arguments>
<msg timestamp="20200302 21:25:11.033" level="INFO">16</msg>
<status status="PASS" starttime="20200302 21:25:11.032" endtime="20200302 21:25:11.033"></status>
</kw>
<kw name="Should Be Equal As Integers" library="BuiltIn">
<doc>Fails if objects are unequal after converting them to integers.</doc>
<arguments>
<arg>${AntalSiffror}</arg>
<arg>16</arg>
</arguments>
<msg timestamp="20200302 21:25:11.033" level="INFO">Argument types are:
&lt;class 'int'&gt;
&lt;type 'unicode'&gt;</msg>
<status status="PASS" starttime="20200302 21:25:11.033" endtime="20200302 21:25:11.033"></status>
</kw>
<kw name="End Web Test" library="keywords" type="teardown">
<kw name="Close Browser" library="SeleniumLibrary">
<doc>Closes the current browser.</doc>
<status status="PASS" starttime="20200302 21:25:11.034" endtime="20200302 21:25:13.275"></status>
</kw>
<status status="PASS" starttime="20200302 21:25:11.034" endtime="20200302 21:25:13.275"></status>
</kw>
<doc>Loggar in, väljer bil och kontrollerar kreditkortsnummerlängden.</doc>
<tags>
<tag>creditlength</tag>
</tags>
<status status="PASS" starttime="20200302 21:24:59.489" endtime="20200302 21:25:13.275" critical="yes"></status>
</test>
<test id="s1-s1-t7" name="Cancel test at Creditcard Page">
<kw name="Begin Web Test" library="keywords" type="setup">
<kw name="Open Browser" library="SeleniumLibrary">
<doc>Opens a new browser instance to the optional ``url``.</doc>
<arguments>
<arg>about:blank</arg>
<arg>${BROWSER}</arg>
</arguments>
<msg timestamp="20200302 21:25:13.277" level="INFO">Opening browser 'chrome' to base url 'about:blank'.</msg>
<status status="PASS" starttime="20200302 21:25:13.277" endtime="20200302 21:25:18.480"></status>
</kw>
<kw name="Maximize Browser Window" library="SeleniumLibrary">
<doc>Maximizes current browser window.</doc>
<status status="PASS" starttime="20200302 21:25:18.480" endtime="20200302 21:25:22.597"></status>
</kw>
<status status="PASS" starttime="20200302 21:25:13.277" endtime="20200302 21:25:22.598"></status>
</kw>
<kw name="Go to Web Page" library="keywords">
<kw name="Load Page" library="keywords">
<kw name="Go To" library="SeleniumLibrary">
<doc>Navigates the current browser window to the provided ``url``.</doc>
<arguments>
<arg>${URL}</arg>
</arguments>
<msg timestamp="20200302 21:25:22.599" level="INFO">Opening url 'http://rental21.infotiv.net/'</msg>
<status status="PASS" starttime="20200302 21:25:22.598" endtime="20200302 21:25:22.889"></status>
</kw>
<status status="PASS" starttime="20200302 21:25:22.598" endtime="20200302 21:25:22.889"></status>
</kw>
<kw name="Verify Page Loaded" library="keywords">
<kw name="Get Text" library="SeleniumLibrary">
<doc>Returns the text value of the element identified by ``locator``.</doc>
<arguments>
<arg>id:title</arg>
</arguments>
<assign>
<var>${link_text}</var>
</assign>
<msg timestamp="20200302 21:25:22.929" level="INFO">${link_text} = Infotiv Car Rental</msg>
<status status="PASS" starttime="20200302 21:25:22.889" endtime="20200302 21:25:22.929"></status>
</kw>
<kw name="Should Be Equal" library="BuiltIn">
<doc>Fails if the given objects are unequal.</doc>
<arguments>
<arg>${link_text}</arg>
<arg>Infotiv Car Rental</arg>
</arguments>
<status status="PASS" starttime="20200302 21:25:22.929" endtime="20200302 21:25:22.930"></status>
</kw>
<status status="PASS" starttime="20200302 21:25:22.889" endtime="20200302 21:25:22.930"></status>
</kw>
<status status="PASS" starttime="20200302 21:25:22.598" endtime="20200302 21:25:22.930"></status>
</kw>
<kw name="Login User" library="keywords">
<kw name="Input Text" library="SeleniumLibrary">
<doc>Types the given ``text`` into the text field identified by ``locator``.</doc>
<arguments>
<arg>name:email</arg>
<arg>${epost}</arg>
</arguments>
<msg timestamp="20200302 21:25:22.932" level="INFO">Typing text '555@telia.com' into text field 'name:email'.</msg>
<status status="PASS" starttime="20200302 21:25:22.932" endtime="20200302 21:25:23.036"></status>
</kw>
<kw name="Input Text" library="SeleniumLibrary">
<doc>Types the given ``text`` into the text field identified by ``locator``.</doc>
<arguments>
<arg>Id:password</arg>
<arg>${password}</arg>
</arguments>
<msg timestamp="20200302 21:25:23.036" level="INFO">Typing text 'Aa1234' into text field 'Id:password'.</msg>
<status status="PASS" starttime="20200302 21:25:23.036" endtime="20200302 21:25:23.114"></status>
</kw>
<kw name="Click Login" library="keywords">
<kw name="Click Button" library="SeleniumLibrary">
<doc>Clicks the button identified by ``locator``.</doc>
<arguments>
<arg>id:login</arg>
</arguments>
<msg timestamp="20200302 21:25:23.115" level="INFO">Clicking button 'id:login'.</msg>
<status status="PASS" starttime="20200302 21:25:23.115" endtime="20200302 21:25:23.618"></status>
</kw>
<status status="PASS" starttime="20200302 21:25:23.115" endtime="20200302 21:25:23.618"></status>
</kw>
<status status="PASS" starttime="20200302 21:25:22.931" endtime="20200302 21:25:23.618"></status>
</kw>
<kw name="Choose Car" library="keywords">
<kw name="Click Button" library="SeleniumLibrary">
<doc>Clicks the button identified by ``locator``.</doc>
<arguments>
<arg>xpath://button[@id="continue"]</arg>
</arguments>
<msg timestamp="20200302 21:25:23.623" level="INFO">Clicking button 'xpath://button[@id="continue"]'.</msg>
<status status="PASS" starttime="20200302 21:25:23.623" endtime="20200302 21:25:24.178"></status>
</kw>
<kw name="Click Button" library="SeleniumLibrary">
<doc>Clicks the button identified by ``locator``.</doc>
<arguments>
<arg>id:bookQ7pass7</arg>
</arguments>
<msg timestamp="20200302 21:25:24.178" level="INFO">Clicking button 'id:bookQ7pass7'.</msg>
<status status="PASS" starttime="20200302 21:25:24.178" endtime="20200302 21:25:24.622"></status>
</kw>
<status status="PASS" starttime="20200302 21:25:23.622" endtime="20200302 21:25:24.622"></status>
</kw>
<kw name="User Input Cancel" library="keywords">
<kw name="Input Text" library="SeleniumLibrary">
<doc>Types the given ``text`` into the text field identified by ``locator``.</doc>
<arguments>
<arg>id:cardNum</arg>
<arg>${kreditkort}</arg>
</arguments>
<msg timestamp="20200302 21:25:24.623" level="INFO">Typing text '1234567891011121' into text field 'id:cardNum'.</msg>
<status status="PASS" starttime="20200302 21:25:24.623" endtime="20200302 21:25:24.729"></status>
</kw>
<kw name="Input Text" library="SeleniumLibrary">
<doc>Types the given ``text`` into the text field identified by ``locator``.</doc>
<arguments>
<arg>id:fullName</arg>
<arg>${namn}</arg>
</arguments>
<msg timestamp="20200302 21:25:24.730" level="INFO">Typing text 'Anders Andersson' into text field 'id:fullName'.</msg>
<status status="PASS" starttime="20200302 21:25:24.730" endtime="20200302 21:25:24.828"></status>
</kw>
<kw name="Input Text" library="SeleniumLibrary">
<doc>Types the given ``text`` into the text field identified by ``locator``.</doc>
<arguments>
<arg>id:cvc</arg>
<arg>${cvc}</arg>
</arguments>
<msg timestamp="20200302 21:25:24.829" level="INFO">Typing text '187' into text field 'id:cvc'.</msg>
<status status="PASS" starttime="20200302 21:25:24.828" endtime="20200302 21:25:24.890"></status>
</kw>
<kw name="Click Button" library="SeleniumLibrary">
<doc>Clicks the button identified by ``locator``.</doc>
<arguments>
<arg>id:cancel</arg>
</arguments>
<msg timestamp="20200302 21:25:24.890" level="INFO">Clicking button 'id:cancel'.</msg>
<status status="PASS" starttime="20200302 21:25:24.890" endtime="20200302 21:25:25.218"></status>
</kw>
<status status="PASS" starttime="20200302 21:25:24.623" endtime="20200302 21:25:25.218"></status>
</kw>
<kw name="Get Text" library="SeleniumLibrary">
<doc>Returns the text value of the element identified by ``locator``.</doc>
<arguments>
<arg>id:backToDateButton</arg>
</arguments>
<assign>
<var>${backButtonText}</var>
</assign>
<msg timestamp="20200302 21:25:25.246" level="INFO">${backButtonText} = Back to date selection</msg>
<status status="PASS" starttime="20200302 21:25:25.220" endtime="20200302 21:25:25.246"></status>
</kw>
<kw name="Should Be Equal" library="BuiltIn">
<doc>Fails if the given objects are unequal.</doc>
<arguments>
<arg>${backButtonText}</arg>
<arg>Back to date selection</arg>
</arguments>
<status status="PASS" starttime="20200302 21:25:25.247" endtime="20200302 21:25:25.248"></status>
</kw>
<kw name="End Web Test" library="keywords" type="teardown">
<kw name="Close Browser" library="SeleniumLibrary">
<doc>Closes the current browser.</doc>
<status status="PASS" starttime="20200302 21:25:25.249" endtime="20200302 21:25:27.481"></status>
</kw>
<status status="PASS" starttime="20200302 21:25:25.248" endtime="20200302 21:25:27.481"></status>
</kw>
<doc>Below is a Cancel button, that will take the user back to the car selection page.</doc>
<tags>
<tag>CancelBooking</tag>
</tags>
<status status="PASS" starttime="20200302 21:25:13.276" endtime="20200302 21:25:27.481" critical="yes"></status>
</test>
<status status="FAIL" starttime="20200302 21:23:52.598" endtime="20200302 21:25:27.482"></status>
</suite>
<status status="FAIL" starttime="20200302 21:23:52.567" endtime="20200302 21:25:27.486"></status>
</suite>
<statistics>
<total>
<stat pass="6" fail="1">Critical Tests</stat>
<stat pass="6" fail="1">All Tests</stat>
</total>
<tag>
<stat pass="1" fail="0">bokabil</stat>
<stat pass="1" fail="0">CancelBooking</stat>
<stat pass="1" fail="0">creditlength</stat>
<stat pass="1" fail="0">DateSelector</stat>
<stat pass="1" fail="0">gurkan</stat>
<stat pass="1" fail="0">Test ladda in sida</stat>
<stat pass="0" fail="1">Textbox tom</stat>
</tag>
<suite>
<stat pass="6" fail="1" id="s1" name="Tests">Tests</stat>
<stat pass="6" fail="1" id="s1-s1" name="Labb3">Tests.Labb3</stat>
</suite>
</statistics>
<errors>
</errors>
</robot>
